2023-04-27T10:39:38.643+05:30  INFO 21360 --- [restartedMain] c.r.G1HealthRecordsServiceApplication    : Starting G1HealthRecordsServiceApplication using Java 17.0.6 with PID 21360 (C:\Users\asus\Desktop\dpractice\g1-patient-health-record-service\target\classes started by asus in C:\Users\asus\Desktop\dpractice\g1-patient-health-record-service)
2023-04-27T10:39:38.651+05:30  INFO 21360 --- [restartedMain] c.r.G1HealthRecordsServiceApplication    : The following 1 profile is active: "local"
2023-04-27T10:39:38.687+05:30  INFO 21360 --- [restartedMain] .e.DevToolsPropertyDefaultsPostProcessor : For additional web related logging consider setting the 'logging.level.web' property to 'DEBUG'
2023-04-27T10:39:39.298+05:30  INFO 21360 --- [restartedMain] .s.d.r.c.RepositoryConfigurationDelegate : Bootstrapping Spring Data JPA repositories in DEFAULT mode.
2023-04-27T10:39:39.346+05:30  INFO 21360 --- [restartedMain] .s.d.r.c.RepositoryConfigurationDelegate : Finished Spring Data repository scanning in 42 ms. Found 4 JPA repository interfaces.
2023-04-27T10:39:39.880+05:30  INFO 21360 --- [restartedMain] o.s.b.w.embedded.tomcat.TomcatWebServer  : Tomcat initialized with port(s): 9004 (http)
2023-04-27T10:39:39.887+05:30  INFO 21360 --- [restartedMain] o.apache.catalina.core.StandardService   : Starting service [Tomcat]
2023-04-27T10:39:39.887+05:30  INFO 21360 --- [restartedMain] o.apache.catalina.core.StandardEngine    : Starting Servlet engine: [Apache Tomcat/10.1.7]
2023-04-27T10:39:39.957+05:30  INFO 21360 --- [restartedMain] o.a.c.c.C.[Tomcat].[localhost].[/]       : Initializing Spring embedded WebApplicationContext
2023-04-27T10:39:39.958+05:30  INFO 21360 --- [restartedMain] w.s.c.ServletWebServerApplicationContext : Root WebApplicationContext: initialization completed in 1270 ms
2023-04-27T10:39:40.408+05:30  INFO 21360 --- [restartedMain] com.zaxxer.hikari.HikariDataSource       : HikariPool-1 - Starting...
2023-04-27T10:39:40.627+05:30  INFO 21360 --- [restartedMain] com.zaxxer.hikari.pool.HikariPool        : HikariPool-1 - Added connection com.mysql.cj.jdbc.ConnectionImpl@1951d4d1
2023-04-27T10:39:40.629+05:30  INFO 21360 --- [restartedMain] com.zaxxer.hikari.HikariDataSource       : HikariPool-1 - Start completed.
2023-04-27T10:39:40.673+05:30  INFO 21360 --- [restartedMain] SQL dialect                              : HHH000400: Using dialect: org.hibernate.dialect.MySQLDialect
2023-04-27T10:39:41.249+05:30  INFO 21360 --- [restartedMain] j.LocalContainerEntityManagerFactoryBean : Initialized JPA EntityManagerFactory for persistence unit 'default'
2023-04-27T10:39:41.781+05:30  WARN 21360 --- [restartedMain] JpaBaseConfiguration$JpaWebConfiguration : spring.jpa.open-in-view is enabled by default. Therefore, database queries may be performed during view rendering. Explicitly configure spring.jpa.open-in-view to disable this warning
2023-04-27T10:39:42.494+05:30  INFO 21360 --- [restartedMain] o.s.b.d.a.OptionalLiveReloadServer       : LiveReload server is running on port 35729
2023-04-27T10:39:42.502+05:30  INFO 21360 --- [restartedMain] o.s.b.a.e.web.EndpointLinksResolver      : Exposing 15 endpoint(s) beneath base path '/actuator'
2023-04-27T10:39:42.569+05:30  INFO 21360 --- [restartedMain] o.s.b.w.embedded.tomcat.TomcatWebServer  : Tomcat started on port(s): 9004 (http) with context path ''
2023-04-27T10:39:42.579+05:30  INFO 21360 --- [restartedMain] c.r.G1HealthRecordsServiceApplication    : Started G1HealthRecordsServiceApplication in 4.228 seconds (process running for 4.612)
2023-04-27T10:40:25.164+05:30  INFO 21360 --- [File Watcher] rtingClassPathChangeChangedEventListener : Restarting due to 3 class path changes (3 additions, 0 deletions, 0 modifications)
2023-04-27T10:40:25.182+05:30  INFO 21360 --- [Thread-5] o.apache.catalina.core.StandardService   : Stopping service [Tomcat]
2023-04-27T10:40:25.193+05:30  INFO 21360 --- [Thread-5] j.LocalContainerEntityManagerFactoryBean : Closing JPA EntityManagerFactory for persistence unit 'default'
2023-04-27T10:40:25.199+05:30  INFO 21360 --- [Thread-5] com.zaxxer.hikari.HikariDataSource       : HikariPool-1 - Shutdown initiated...
2023-04-27T10:40:25.211+05:30  INFO 21360 --- [Thread-5] com.zaxxer.hikari.HikariDataSource       : HikariPool-1 - Shutdown completed.
2023-04-27T10:40:25.315+05:30  INFO 21360 --- [restartedMain] c.r.G1HealthRecordsServiceApplication    : Starting G1HealthRecordsServiceApplication using Java 17.0.6 with PID 21360 (C:\Users\asus\Desktop\dpractice\g1-patient-health-record-service\target\classes started by asus in C:\Users\asus\Desktop\dpractice\g1-patient-health-record-service)
2023-04-27T10:40:25.316+05:30  INFO 21360 --- [restartedMain] c.r.G1HealthRecordsServiceApplication    : The following 1 profile is active: "local"
2023-04-27T10:40:25.712+05:30  INFO 21360 --- [restartedMain] .s.d.r.c.RepositoryConfigurationDelegate : Bootstrapping Spring Data JPA repositories in DEFAULT mode.
2023-04-27T10:40:25.740+05:30  INFO 21360 --- [restartedMain] .s.d.r.c.RepositoryConfigurationDelegate : Finished Spring Data repository scanning in 27 ms. Found 4 JPA repository interfaces.
2023-04-27T10:40:25.910+05:30  INFO 21360 --- [restartedMain] o.s.b.w.embedded.tomcat.TomcatWebServer  : Tomcat initialized with port(s): 9004 (http)
2023-04-27T10:40:25.911+05:30  INFO 21360 --- [restartedMain] o.apache.catalina.core.StandardService   : Starting service [Tomcat]
2023-04-27T10:40:25.911+05:30  INFO 21360 --- [restartedMain] o.apache.catalina.core.StandardEngine    : Starting Servlet engine: [Apache Tomcat/10.1.7]
2023-04-27T10:40:25.940+05:30  INFO 21360 --- [restartedMain] o.a.c.c.C.[Tomcat].[localhost].[/]       : Initializing Spring embedded WebApplicationContext
2023-04-27T10:40:25.941+05:30  INFO 21360 --- [restartedMain] w.s.c.ServletWebServerApplicationContext : Root WebApplicationContext: initialization completed in 622 ms
2023-04-27T10:40:26.111+05:30  INFO 21360 --- [restartedMain] com.zaxxer.hikari.HikariDataSource       : HikariPool-2 - Starting...
2023-04-27T10:40:26.129+05:30  INFO 21360 --- [restartedMain] com.zaxxer.hikari.pool.HikariPool        : HikariPool-2 - Added connection com.mysql.cj.jdbc.ConnectionImpl@3d780c85
2023-04-27T10:40:26.130+05:30  INFO 21360 --- [restartedMain] com.zaxxer.hikari.HikariDataSource       : HikariPool-2 - Start completed.
2023-04-27T10:40:26.131+05:30  INFO 21360 --- [restartedMain] SQL dialect                              : HHH000400: Using dialect: org.hibernate.dialect.MySQLDialect
2023-04-27T10:40:26.239+05:30  INFO 21360 --- [restartedMain] j.LocalContainerEntityManagerFactoryBean : Initialized JPA EntityManagerFactory for persistence unit 'default'
2023-04-27T10:40:26.634+05:30  WARN 21360 --- [restartedMain] JpaBaseConfiguration$JpaWebConfiguration : spring.jpa.open-in-view is enabled by default. Therefore, database queries may be performed during view rendering. Explicitly configure spring.jpa.open-in-view to disable this warning
2023-04-27T10:40:27.229+05:30  INFO 21360 --- [restartedMain] o.s.b.d.a.OptionalLiveReloadServer       : LiveReload server is running on port 35729
2023-04-27T10:40:27.239+05:30  INFO 21360 --- [restartedMain] o.s.b.a.e.web.EndpointLinksResolver      : Exposing 15 endpoint(s) beneath base path '/actuator'
2023-04-27T10:40:27.280+05:30  INFO 21360 --- [restartedMain] o.s.b.w.embedded.tomcat.TomcatWebServer  : Tomcat started on port(s): 9004 (http) with context path ''
2023-04-27T10:40:27.291+05:30  INFO 21360 --- [restartedMain] c.r.G1HealthRecordsServiceApplication    : Started G1HealthRecordsServiceApplication in 2.009 seconds (process running for 49.325)
2023-04-27T10:40:27.296+05:30  INFO 21360 --- [restartedMain] .ConditionEvaluationDeltaLoggingListener : Condition evaluation unchanged
2023-04-27T10:42:32.452+05:30  WARN 20632 --- [main] ory$DuplicateJsonObjectContextCustomizer : 

Found multiple occurrences of org.json.JSONObject on the class path:

	jar:file:/C:/Users/asus/.m2/repository/org/json/json/20160212/json-20160212.jar!/org/json/JSONObject.class
	jar:file:/C:/Users/asus/.m2/repository/com/vaadin/external/google/android-json/0.0.20131108.vaadin1/android-json-0.0.20131108.vaadin1.jar!/org/json/JSONObject.class

You may wish to exclude one of them to ensure predictable runtime behavior

2023-04-27T10:42:34.831+05:30  INFO 20632 --- [main] o.s.b.t.m.w.SpringBootMockServletContext : Initializing Spring TestDispatcherServlet ''
2023-04-27T10:42:34.831+05:30  INFO 20632 --- [main] o.s.t.web.servlet.TestDispatcherServlet  : Initializing Servlet ''
2023-04-27T10:42:34.833+05:30  INFO 20632 --- [main] o.s.t.web.servlet.TestDispatcherServlet  : Completed initialization in 1 ms
2023-04-27T10:42:34.993+05:30  WARN 20632 --- [main] o.s.web.servlet.PageNotFound             : No mapping for GET /api/v1/visitdetails/1
2023-04-27T10:42:35.104+05:30  WARN 20632 --- [main] o.s.web.servlet.PageNotFound             : No mapping for POST /api/v1/visitdetails/tests
2023-04-27T10:42:35.118+05:30  WARN 20632 --- [main] o.s.web.servlet.PageNotFound             : No mapping for PUT /api/v1/visitdetails/1
2023-04-27T10:42:35.141+05:30  WARN 20632 --- [main] o.s.web.servlet.PageNotFound             : No mapping for POST /api/v1/visitdetails/prescription
2023-04-27T10:42:35.154+05:30  WARN 20632 --- [main] o.s.web.servlet.PageNotFound             : No mapping for GET /api/v1/prescriptions/1
2023-04-27T10:42:35.163+05:30  WARN 20632 --- [main] o.s.web.servlet.PageNotFound             : No mapping for GET /api/v1/visit/1
2023-04-27T10:42:35.175+05:30  WARN 20632 --- [main] o.s.web.servlet.PageNotFound             : No mapping for POST /api/v1/patient/1/visits
2023-04-27T10:42:35.184+05:30  WARN 20632 --- [main] o.s.web.servlet.PageNotFound             : No mapping for GET /api/v1/patient/2/lastvisit
2023-04-27T10:42:35.193+05:30  WARN 20632 --- [main] o.s.web.servlet.PageNotFound             : No mapping for GET /api/v1/patient/1/visits
2023-04-27T10:42:35.202+05:30  WARN 20632 --- [main] o.s.web.servlet.PageNotFound             : No mapping for GET /api/v1/tests/1
2023-04-27T10:42:35.213+05:30  INFO 20632 --- [main] t.c.s.AnnotationConfigContextLoaderUtils : Could not detect default configuration classes for test class [com.revature.service.testing.PrescriptionServiceTests]: PrescriptionServiceTests does not declare any static, non-private, non-final, nested classes annotated with @Configuration.
2023-04-27T10:42:35.230+05:30  INFO 20632 --- [main] .b.t.c.SpringBootTestContextBootstrapper : Found @SpringBootConfiguration com.revature.G1HealthRecordsServiceApplication for test class com.revature.service.testing.PrescriptionServiceTests
2023-04-27T10:42:35.283+05:30  WARN 20632 --- [main] ory$DuplicateJsonObjectContextCustomizer : 

Found multiple occurrences of org.json.JSONObject on the class path:

	jar:file:/C:/Users/asus/.m2/repository/org/json/json/20160212/json-20160212.jar!/org/json/JSONObject.class
	jar:file:/C:/Users/asus/.m2/repository/com/vaadin/external/google/android-json/0.0.20131108.vaadin1/android-json-0.0.20131108.vaadin1.jar!/org/json/JSONObject.class

You may wish to exclude one of them to ensure predictable runtime behavior

2023-04-27T10:42:35.294+05:30  INFO 20632 --- [main] c.r.s.testing.PrescriptionServiceTests   : Starting PrescriptionServiceTests using Java 17.0.6 with PID 20632 (started by asus in C:\Users\asus\Desktop\dpractice\g1-patient-health-record-service)
2023-04-27T10:42:35.296+05:30  INFO 20632 --- [main] c.r.s.testing.PrescriptionServiceTests   : The following 1 profile is active: "local"
2023-04-27T10:42:36.023+05:30  INFO 20632 --- [main] .s.d.r.c.RepositoryConfigurationDelegate : Bootstrapping Spring Data JPA repositories in DEFAULT mode.
2023-04-27T10:42:36.088+05:30  INFO 20632 --- [main] .s.d.r.c.RepositoryConfigurationDelegate : Finished Spring Data repository scanning in 55 ms. Found 4 JPA repository interfaces.
2023-04-27T10:42:37.342+05:30  INFO 20632 --- [main] com.zaxxer.hikari.HikariDataSource       : HikariPool-1 - Starting...
2023-04-27T10:42:37.776+05:30  INFO 20632 --- [main] com.zaxxer.hikari.pool.HikariPool        : HikariPool-1 - Added connection com.mysql.cj.jdbc.ConnectionImpl@6e7253b7
2023-04-27T10:42:37.780+05:30  INFO 20632 --- [main] com.zaxxer.hikari.HikariDataSource       : HikariPool-1 - Start completed.
2023-04-27T10:42:37.887+05:30  INFO 20632 --- [main] SQL dialect                              : HHH000400: Using dialect: org.hibernate.dialect.MySQLDialect
2023-04-27T10:42:38.933+05:30  INFO 20632 --- [main] j.LocalContainerEntityManagerFactoryBean : Initialized JPA EntityManagerFactory for persistence unit 'default'
2023-04-27T10:42:40.111+05:30  WARN 20632 --- [main] JpaBaseConfiguration$JpaWebConfiguration : spring.jpa.open-in-view is enabled by default. Therefore, database queries may be performed during view rendering. Explicitly configure spring.jpa.open-in-view to disable this warning
2023-04-27T10:42:41.588+05:30  INFO 20632 --- [main] o.s.b.a.e.web.EndpointLinksResolver      : Exposing 14 endpoint(s) beneath base path '/actuator'
2023-04-27T10:42:41.686+05:30  INFO 20632 --- [main] c.r.s.testing.PrescriptionServiceTests   : Started PrescriptionServiceTests in 6.444 seconds (process running for 11.746)
2023-04-27T10:42:41.766+05:30  INFO 20632 --- [main] com.revature.loggers.Logging             : method invokeclass com.revature.serviceImpl.PrescriptionServiceImpl:savePrescription()Arguments : [[{"prescriptionId":5,"prescriptionName":"Dolo","dosage":"1-0-1","prescriptionNotes":"After eat","visitId":{"visitId":1,"patientId":0,"height":0.0,"weight":0.0,"bpSystolic":0,"bpDiastolic":0,"bodyTemparature":0.0,"respirationRate":0,"bloodGroup":null,"nurseEmail":null,"physicianEmail":null,"appointmentId":0,"keyNotes":null,"allergyId":0}},{"prescriptionId":6,"prescriptionName":"fortamet","dosage":"1-0-0","prescriptionNotes":"Before eat","visitId":{"visitId":1,"patientId":0,"height":0.0,"weight":0.0,"bpSystolic":0,"bpDiastolic":0,"bodyTemparature":0.0,"respirationRate":0,"bloodGroup":null,"nurseEmail":null,"physicianEmail":null,"appointmentId":0,"keyNotes":null,"allergyId":0}}]]
2023-04-27T10:42:41.782+05:30  INFO 20632 --- [main] com.revature.loggers.Logging             : class com.revature.serviceImpl.PrescriptionServiceImpl:savePrescription()Response : [{"prescriptionId":5,"prescriptionName":"Dolo","dosage":"1-0-1","prescriptionNotes":"After eat","visitId":{"visitId":1,"patientId":0,"height":0.0,"weight":0.0,"bpSystolic":0,"bpDiastolic":0,"bodyTemparature":0.0,"respirationRate":0,"bloodGroup":null,"nurseEmail":null,"physicianEmail":null,"appointmentId":0,"keyNotes":null,"allergyId":0}},{"prescriptionId":6,"prescriptionName":"fortamet","dosage":"1-0-0","prescriptionNotes":"Before eat","visitId":{"visitId":1,"patientId":0,"height":0.0,"weight":0.0,"bpSystolic":0,"bpDiastolic":0,"bodyTemparature":0.0,"respirationRate":0,"bloodGroup":null,"nurseEmail":null,"physicianEmail":null,"appointmentId":0,"keyNotes":null,"allergyId":0}}]
2023-04-27T10:42:41.792+05:30  INFO 20632 --- [main] com.revature.loggers.Logging             : method invokeclass com.revature.serviceImpl.PrescriptionServiceImpl:savePrescription()Arguments : [[{"prescriptionId":5,"prescriptionName":"Dolo","dosage":"1-0-1","prescriptionNotes":"After eat","visitId":{"visitId":1,"patientId":0,"height":0.0,"weight":0.0,"bpSystolic":0,"bpDiastolic":0,"bodyTemparature":0.0,"respirationRate":0,"bloodGroup":null,"nurseEmail":null,"physicianEmail":null,"appointmentId":0,"keyNotes":null,"allergyId":0}},{"prescriptionId":6,"prescriptionName":"fortamet","dosage":"1-0-0","prescriptionNotes":"Before eat","visitId":{"visitId":1,"patientId":0,"height":0.0,"weight":0.0,"bpSystolic":0,"bpDiastolic":0,"bodyTemparature":0.0,"respirationRate":0,"bloodGroup":null,"nurseEmail":null,"physicianEmail":null,"appointmentId":0,"keyNotes":null,"allergyId":0}}]]
2023-04-27T10:42:41.797+05:30  INFO 20632 --- [main] com.revature.loggers.Logging             : class com.revature.serviceImpl.PrescriptionServiceImpl:savePrescription()Response : [{"prescriptionId":5,"prescriptionName":"Dolo","dosage":"1-0-1","prescriptionNotes":"After eat","visitId":{"visitId":1,"patientId":0,"height":0.0,"weight":0.0,"bpSystolic":0,"bpDiastolic":0,"bodyTemparature":0.0,"respirationRate":0,"bloodGroup":null,"nurseEmail":null,"physicianEmail":null,"appointmentId":0,"keyNotes":null,"allergyId":0}},{"prescriptionId":6,"prescriptionName":"fortamet","dosage":"1-0-0","prescriptionNotes":"Before eat","visitId":{"visitId":1,"patientId":0,"height":0.0,"weight":0.0,"bpSystolic":0,"bpDiastolic":0,"bodyTemparature":0.0,"respirationRate":0,"bloodGroup":null,"nurseEmail":null,"physicianEmail":null,"appointmentId":0,"keyNotes":null,"allergyId":0}}]
2023-04-27T10:42:41.808+05:30  INFO 20632 --- [main] com.revature.loggers.Logging             : method invokeclass com.revature.serviceImpl.PrescriptionServiceImpl:getPrescriptionDetails()Arguments : [1]
2023-04-27T10:42:41.814+05:30  INFO 20632 --- [main] com.revature.loggers.Logging             : class com.revature.serviceImpl.PrescriptionServiceImpl:getPrescriptionDetails()Response : [{"prescriptionId":5,"prescriptionName":"Dolo","dosage":"1-0-1","prescriptionNotes":"After eat","visitId":{"visitId":1,"patientId":0,"height":0.0,"weight":0.0,"bpSystolic":0,"bpDiastolic":0,"bodyTemparature":0.0,"respirationRate":0,"bloodGroup":null,"nurseEmail":null,"physicianEmail":null,"appointmentId":0,"keyNotes":null,"allergyId":0}},{"prescriptionId":6,"prescriptionName":"fortamet","dosage":"1-0-0","prescriptionNotes":"Before eat","visitId":{"visitId":1,"patientId":0,"height":0.0,"weight":0.0,"bpSystolic":0,"bpDiastolic":0,"bodyTemparature":0.0,"respirationRate":0,"bloodGroup":null,"nurseEmail":null,"physicianEmail":null,"appointmentId":0,"keyNotes":null,"allergyId":0}}]
2023-04-27T10:42:41.842+05:30  INFO 20632 --- [main] t.c.s.AnnotationConfigContextLoaderUtils : Could not detect default configuration classes for test class [com.revature.service.testing.TestServiceTests]: TestServiceTests does not declare any static, non-private, non-final, nested classes annotated with @Configuration.
2023-04-27T10:42:41.844+05:30  INFO 20632 --- [main] .b.t.c.SpringBootTestContextBootstrapper : Found @SpringBootConfiguration com.revature.G1HealthRecordsServiceApplication for test class com.revature.service.testing.TestServiceTests
2023-04-27T10:42:41.876+05:30  WARN 20632 --- [main] ory$DuplicateJsonObjectContextCustomizer : 

Found multiple occurrences of org.json.JSONObject on the class path:

	jar:file:/C:/Users/asus/.m2/repository/org/json/json/20160212/json-20160212.jar!/org/json/JSONObject.class
	jar:file:/C:/Users/asus/.m2/repository/com/vaadin/external/google/android-json/0.0.20131108.vaadin1/android-json-0.0.20131108.vaadin1.jar!/org/json/JSONObject.class

You may wish to exclude one of them to ensure predictable runtime behavior

2023-04-27T10:42:41.879+05:30  INFO 20632 --- [main] c.r.service.testing.TestServiceTests     : Starting TestServiceTests using Java 17.0.6 with PID 20632 (started by asus in C:\Users\asus\Desktop\dpractice\g1-patient-health-record-service)
2023-04-27T10:42:41.879+05:30  INFO 20632 --- [main] c.r.service.testing.TestServiceTests     : The following 1 profile is active: "local"
2023-04-27T10:42:42.117+05:30  INFO 20632 --- [main] .s.d.r.c.RepositoryConfigurationDelegate : Bootstrapping Spring Data JPA repositories in DEFAULT mode.
2023-04-27T10:42:42.133+05:30  INFO 20632 --- [main] .s.d.r.c.RepositoryConfigurationDelegate : Finished Spring Data repository scanning in 16 ms. Found 4 JPA repository interfaces.
2023-04-27T10:42:42.268+05:30  INFO 20632 --- [main] com.zaxxer.hikari.HikariDataSource       : HikariPool-2 - Starting...
2023-04-27T10:42:42.280+05:30  INFO 20632 --- [main] com.zaxxer.hikari.pool.HikariPool        : HikariPool-2 - Added connection com.mysql.cj.jdbc.ConnectionImpl@26b987c0
2023-04-27T10:42:42.280+05:30  INFO 20632 --- [main] com.zaxxer.hikari.HikariDataSource       : HikariPool-2 - Start completed.
2023-04-27T10:42:42.283+05:30  INFO 20632 --- [main] SQL dialect                              : HHH000400: Using dialect: org.hibernate.dialect.MySQLDialect
2023-04-27T10:42:42.375+05:30  INFO 20632 --- [main] j.LocalContainerEntityManagerFactoryBean : Initialized JPA EntityManagerFactory for persistence unit 'default'
2023-04-27T10:42:42.687+05:30  WARN 20632 --- [main] JpaBaseConfiguration$JpaWebConfiguration : spring.jpa.open-in-view is enabled by default. Therefore, database queries may be performed during view rendering. Explicitly configure spring.jpa.open-in-view to disable this warning
2023-04-27T10:42:43.320+05:30  INFO 20632 --- [main] o.s.b.a.e.web.EndpointLinksResolver      : Exposing 14 endpoint(s) beneath base path '/actuator'
2023-04-27T10:42:43.348+05:30  INFO 20632 --- [main] c.r.service.testing.TestServiceTests     : Started TestServiceTests in 1.497 seconds (process running for 13.409)
2023-04-27T10:42:43.365+05:30  INFO 20632 --- [main] com.revature.loggers.Logging             : method invokeclass com.revature.serviceImpl.TestServiceImpl:saveTest()Arguments : [[{"testId":5,"testName":"Sugar test","result":"Negative","testNotes":"Everything looks good","visitId":{"visitId":1,"patientId":0,"height":0.0,"weight":0.0,"bpSystolic":0,"bpDiastolic":0,"bodyTemparature":0.0,"respirationRate":0,"bloodGroup":null,"nurseEmail":null,"physicianEmail":null,"appointmentId":0,"keyNotes":null,"allergyId":0}},{"testId":6,"testName":"Blood test","result":"10 points","testNotes":"fewer blood cells","visitId":{"visitId":1,"patientId":0,"height":0.0,"weight":0.0,"bpSystolic":0,"bpDiastolic":0,"bodyTemparature":0.0,"respirationRate":0,"bloodGroup":null,"nurseEmail":null,"physicianEmail":null,"appointmentId":0,"keyNotes":null,"allergyId":0}}]]
2023-04-27T10:42:43.381+05:30  INFO 20632 --- [main] com.revature.loggers.Logging             : class com.revature.serviceImpl.TestServiceImpl:saveTest()Response : [{"testId":5,"testName":"Sugar test","result":"Negative","testNotes":"Everything looks good","visitId":{"visitId":1,"patientId":0,"height":0.0,"weight":0.0,"bpSystolic":0,"bpDiastolic":0,"bodyTemparature":0.0,"respirationRate":0,"bloodGroup":null,"nurseEmail":null,"physicianEmail":null,"appointmentId":0,"keyNotes":null,"allergyId":0}},{"testId":6,"testName":"Blood test","result":"10 points","testNotes":"fewer blood cells","visitId":{"visitId":1,"patientId":0,"height":0.0,"weight":0.0,"bpSystolic":0,"bpDiastolic":0,"bodyTemparature":0.0,"respirationRate":0,"bloodGroup":null,"nurseEmail":null,"physicianEmail":null,"appointmentId":0,"keyNotes":null,"allergyId":0}}]
2023-04-27T10:42:43.385+05:30  INFO 20632 --- [main] com.revature.loggers.Logging             : method invokeclass com.revature.serviceImpl.TestServiceImpl:saveTest()Arguments : [[{"testId":5,"testName":"Sugar test","result":"Negative","testNotes":"Everything looks good","visitId":{"visitId":1,"patientId":0,"height":0.0,"weight":0.0,"bpSystolic":0,"bpDiastolic":0,"bodyTemparature":0.0,"respirationRate":0,"bloodGroup":null,"nurseEmail":null,"physicianEmail":null,"appointmentId":0,"keyNotes":null,"allergyId":0}},{"testId":6,"testName":"Blood test","result":"10 points","testNotes":"fewer blood cells","visitId":{"visitId":1,"patientId":0,"height":0.0,"weight":0.0,"bpSystolic":0,"bpDiastolic":0,"bodyTemparature":0.0,"respirationRate":0,"bloodGroup":null,"nurseEmail":null,"physicianEmail":null,"appointmentId":0,"keyNotes":null,"allergyId":0}}]]
2023-04-27T10:42:43.390+05:30  INFO 20632 --- [main] com.revature.loggers.Logging             : class com.revature.serviceImpl.TestServiceImpl:saveTest()Response : [{"testId":5,"testName":"Sugar test","result":"Negative","testNotes":"Everything looks good","visitId":{"visitId":1,"patientId":0,"height":0.0,"weight":0.0,"bpSystolic":0,"bpDiastolic":0,"bodyTemparature":0.0,"respirationRate":0,"bloodGroup":null,"nurseEmail":null,"physicianEmail":null,"appointmentId":0,"keyNotes":null,"allergyId":0}},{"testId":6,"testName":"Blood test","result":"10 points","testNotes":"fewer blood cells","visitId":{"visitId":1,"patientId":0,"height":0.0,"weight":0.0,"bpSystolic":0,"bpDiastolic":0,"bodyTemparature":0.0,"respirationRate":0,"bloodGroup":null,"nurseEmail":null,"physicianEmail":null,"appointmentId":0,"keyNotes":null,"allergyId":0}}]
2023-04-27T10:42:43.401+05:30  INFO 20632 --- [main] com.revature.loggers.Logging             : method invokeclass com.revature.serviceImpl.TestServiceImpl:getTestDetails()Arguments : [1]
2023-04-27T10:42:43.407+05:30  INFO 20632 --- [main] com.revature.loggers.Logging             : class com.revature.serviceImpl.TestServiceImpl:getTestDetails()Response : [{"testId":5,"testName":"Sugar test","result":"Negative","testNotes":"Everything looks good","visitId":{"visitId":1,"patientId":0,"height":0.0,"weight":0.0,"bpSystolic":0,"bpDiastolic":0,"bodyTemparature":0.0,"respirationRate":0,"bloodGroup":null,"nurseEmail":null,"physicianEmail":null,"appointmentId":0,"keyNotes":null,"allergyId":0}},{"testId":6,"testName":"Blood test","result":"10 points","testNotes":"fewer blood cells","visitId":{"visitId":1,"patientId":0,"height":0.0,"weight":0.0,"bpSystolic":0,"bpDiastolic":0,"bodyTemparature":0.0,"respirationRate":0,"bloodGroup":null,"nurseEmail":null,"physicianEmail":null,"appointmentId":0,"keyNotes":null,"allergyId":0}}]
2023-04-27T10:42:43.413+05:30  INFO 20632 --- [main] t.c.s.AnnotationConfigContextLoaderUtils : Could not detect default configuration classes for test class [com.revature.service.testing.VisitServiceTests]: VisitServiceTests does not declare any static, non-private, non-final, nested classes annotated with @Configuration.
2023-04-27T10:42:43.415+05:30  INFO 20632 --- [main] .b.t.c.SpringBootTestContextBootstrapper : Found @SpringBootConfiguration com.revature.G1HealthRecordsServiceApplication for test class com.revature.service.testing.VisitServiceTests
2023-04-27T10:42:43.439+05:30  WARN 20632 --- [main] ory$DuplicateJsonObjectContextCustomizer : 

Found multiple occurrences of org.json.JSONObject on the class path:

	jar:file:/C:/Users/asus/.m2/repository/org/json/json/20160212/json-20160212.jar!/org/json/JSONObject.class
	jar:file:/C:/Users/asus/.m2/repository/com/vaadin/external/google/android-json/0.0.20131108.vaadin1/android-json-0.0.20131108.vaadin1.jar!/org/json/JSONObject.class

You may wish to exclude one of them to ensure predictable runtime behavior

2023-04-27T10:42:43.440+05:30  INFO 20632 --- [main] c.r.service.testing.VisitServiceTests    : Starting VisitServiceTests using Java 17.0.6 with PID 20632 (started by asus in C:\Users\asus\Desktop\dpractice\g1-patient-health-record-service)
2023-04-27T10:42:43.441+05:30  INFO 20632 --- [main] c.r.service.testing.VisitServiceTests    : The following 1 profile is active: "local"
2023-04-27T10:42:43.684+05:30  INFO 20632 --- [main] .s.d.r.c.RepositoryConfigurationDelegate : Bootstrapping Spring Data JPA repositories in DEFAULT mode.
2023-04-27T10:42:43.703+05:30  INFO 20632 --- [main] .s.d.r.c.RepositoryConfigurationDelegate : Finished Spring Data repository scanning in 18 ms. Found 4 JPA repository interfaces.
2023-04-27T10:42:43.793+05:30  INFO 20632 --- [main] com.zaxxer.hikari.HikariDataSource       : HikariPool-3 - Starting...
2023-04-27T10:42:43.805+05:30  INFO 20632 --- [main] com.zaxxer.hikari.pool.HikariPool        : HikariPool-3 - Added connection com.mysql.cj.jdbc.ConnectionImpl@65b93653
2023-04-27T10:42:43.805+05:30  INFO 20632 --- [main] com.zaxxer.hikari.HikariDataSource       : HikariPool-3 - Start completed.
2023-04-27T10:42:43.806+05:30  INFO 20632 --- [main] SQL dialect                              : HHH000400: Using dialect: org.hibernate.dialect.MySQLDialect
2023-04-27T10:42:43.895+05:30  INFO 20632 --- [main] j.LocalContainerEntityManagerFactoryBean : Initialized JPA EntityManagerFactory for persistence unit 'default'
2023-04-27T10:42:44.135+05:30  WARN 20632 --- [main] JpaBaseConfiguration$JpaWebConfiguration : spring.jpa.open-in-view is enabled by default. Therefore, database queries may be performed during view rendering. Explicitly configure spring.jpa.open-in-view to disable this warning
2023-04-27T10:42:44.686+05:30  INFO 20632 --- [main] o.s.b.a.e.web.EndpointLinksResolver      : Exposing 14 endpoint(s) beneath base path '/actuator'
2023-04-27T10:42:44.716+05:30  INFO 20632 --- [main] c.r.service.testing.VisitServiceTests    : Started VisitServiceTests in 1.298 seconds (process running for 14.777)
2023-04-27T10:42:44.725+05:30  INFO 20632 --- [main] com.revature.loggers.Logging             : method invokeclass com.revature.serviceImpl.VisitServiceImpl:getVisit()Arguments : [1]
2023-04-27T10:42:44.731+05:30  INFO 20632 --- [main] com.revature.loggers.Logging             : class com.revature.serviceImpl.VisitServiceImpl:getVisit()Response : {"visitId":1,"patientId":1,"height":150.0,"weight":70.0,"bpSystolic":80,"bpDiastolic":60,"bodyTemparature":100.0,"respirationRate":90,"bloodGroup":"B+ve","nurseEmail":"nurse1@gmail.com","physicianEmail":"physician1@gmail.com","appointmentId":1,"keyNotes":"high fever","allergyId":1}
2023-04-27T10:42:44.741+05:30  INFO 20632 --- [main] com.revature.loggers.Logging             : method invokeclass com.revature.serviceImpl.VisitServiceImpl:updateVisit()Arguments : [{"visitId":1,"patientId":1,"height":150.0,"weight":70.0,"bpSystolic":100,"bpDiastolic":80,"bodyTemparature":120.0,"respirationRate":80,"bloodGroup":"O+ve","nurseEmail":"nurse2@gmail.com","physicianEmail":"physician2@gmail.com","appointmentId":1,"keyNotes":"cold","allergyId":1},1]
2023-04-27T10:42:44.743+05:30  INFO 20632 --- [main] com.revature.loggers.Logging             : class com.revature.serviceImpl.VisitServiceImpl:updateVisit()Response : {"visitId":1,"patientId":1,"height":150.0,"weight":70.0,"bpSystolic":100,"bpDiastolic":80,"bodyTemparature":120.0,"respirationRate":80,"bloodGroup":"O+ve","nurseEmail":"nurse2@gmail.com","physicianEmail":"physician2@gmail.com","appointmentId":1,"keyNotes":"cold","allergyId":1}
2023-04-27T10:42:44.746+05:30  INFO 20632 --- [main] com.revature.loggers.Logging             : method invokeclass com.revature.serviceImpl.VisitServiceImpl:updateVisit()Arguments : [{"visitId":1,"patientId":1,"height":150.0,"weight":70.0,"bpSystolic":100,"bpDiastolic":80,"bodyTemparature":120.0,"respirationRate":80,"bloodGroup":"O+ve","nurseEmail":"nurse2@gmail.com","physicianEmail":"physician2@gmail.com","appointmentId":1,"keyNotes":"cold","allergyId":1},1]
2023-04-27T10:42:44.747+05:30  INFO 20632 --- [main] com.revature.loggers.Logging             : class com.revature.serviceImpl.VisitServiceImpl:updateVisit()Response : {"visitId":1,"patientId":1,"height":150.0,"weight":70.0,"bpSystolic":100,"bpDiastolic":80,"bodyTemparature":120.0,"respirationRate":80,"bloodGroup":"O+ve","nurseEmail":"nurse2@gmail.com","physicianEmail":"physician2@gmail.com","appointmentId":1,"keyNotes":"cold","allergyId":1}
2023-04-27T10:42:44.754+05:30  INFO 20632 --- [main] com.revature.loggers.Logging             : method invokeclass com.revature.serviceImpl.VisitServiceImpl:getLastVisitDetailsByPatientId()Arguments : [2]
2023-04-27T10:42:44.757+05:30  INFO 20632 --- [main] com.revature.loggers.Logging             : class com.revature.serviceImpl.VisitServiceImpl:getLastVisitDetailsByPatientId()Response : {"visitId":1,"patientId":2,"height":150.0,"weight":70.0,"bpSystolic":80,"bpDiastolic":60,"bodyTemparature":100.0,"respirationRate":90,"bloodGroup":"B+ve","nurseEmail":"nurse1@gmail.com","physicianEmail":"physician1@gmail.com","appointmentId":1,"keyNotes":"high fever","allergyId":1}
2023-04-27T10:42:44.769+05:30  INFO 20632 --- [main] com.revature.loggers.Logging             : method invokeclass com.revature.serviceImpl.VisitServiceImpl:saveVisit()Arguments : [1,{"visitId":1,"patientId":1,"height":150.0,"weight":70.0,"bpSystolic":100,"bpDiastolic":80,"bodyTemparature":120.0,"respirationRate":80,"bloodGroup":"O+ve","nurseEmail":"nurse2@gmail.com","physicianEmail":"physician2@gmail.com","appointmentId":1,"keyNotes":"cold","allergyId":1}]
2023-04-27T10:42:44.770+05:30  INFO 20632 --- [main] com.revature.loggers.Logging             : class com.revature.serviceImpl.VisitServiceImpl:saveVisit()Response : {"visitId":1,"patientId":1,"height":150.0,"weight":70.0,"bpSystolic":100,"bpDiastolic":80,"bodyTemparature":120.0,"respirationRate":80,"bloodGroup":"O+ve","nurseEmail":"nurse2@gmail.com","physicianEmail":"physician2@gmail.com","appointmentId":1,"keyNotes":"cold","allergyId":1}
2023-04-27T10:42:44.772+05:30  INFO 20632 --- [main] com.revature.loggers.Logging             : method invokeclass com.revature.serviceImpl.VisitServiceImpl:saveVisit()Arguments : [1,{"visitId":1,"patientId":1,"height":150.0,"weight":70.0,"bpSystolic":100,"bpDiastolic":80,"bodyTemparature":120.0,"respirationRate":80,"bloodGroup":"O+ve","nurseEmail":"nurse2@gmail.com","physicianEmail":"physician2@gmail.com","appointmentId":1,"keyNotes":"cold","allergyId":1}]
2023-04-27T10:42:44.773+05:30  INFO 20632 --- [main] com.revature.loggers.Logging             : class com.revature.serviceImpl.VisitServiceImpl:saveVisit()Response : {"visitId":1,"patientId":1,"height":150.0,"weight":70.0,"bpSystolic":100,"bpDiastolic":80,"bodyTemparature":120.0,"respirationRate":80,"bloodGroup":"O+ve","nurseEmail":"nurse2@gmail.com","physicianEmail":"physician2@gmail.com","appointmentId":1,"keyNotes":"cold","allergyId":1}
2023-04-27T10:42:44.779+05:30  INFO 20632 --- [main] com.revature.loggers.Logging             : method invokeclass com.revature.serviceImpl.VisitServiceImpl:getAllVisits()Arguments : [1]
2023-04-27T10:42:44.782+05:30  INFO 20632 --- [main] com.revature.loggers.Logging             : class com.revature.serviceImpl.VisitServiceImpl:getAllVisits()Response : [{"visitId":1,"patientId":1,"height":150.0,"weight":70.0,"bpSystolic":80,"bpDiastolic":60,"bodyTemparature":100.0,"respirationRate":90,"bloodGroup":"B+ve","nurseEmail":"nurse1@gmail.com","physicianEmail":"physician1@gmail.com","appointmentId":1,"keyNotes":"high fever","allergyId":1},{"visitId":2,"patientId":1,"height":150.0,"weight":70.0,"bpSystolic":100,"bpDiastolic":80,"bodyTemparature":120.0,"respirationRate":80,"bloodGroup":"O+ve","nurseEmail":"nurse2@gmail.com","physicianEmail":"physician2@gmail.com","appointmentId":2,"keyNotes":"cold","allergyId":2}]
2023-04-27T10:42:44.788+05:30  INFO 20632 --- [main] com.revature.loggers.Logging             : method invokeclass com.revature.serviceImpl.VisitServiceImpl:getVisitByAppointmentId()Arguments : [1]
2023-04-27T10:42:44.790+05:30  INFO 20632 --- [main] com.revature.loggers.Logging             : class com.revature.serviceImpl.VisitServiceImpl:getVisitByAppointmentId()Response : {"visitId":1,"patientId":1,"height":150.0,"weight":70.0,"bpSystolic":80,"bpDiastolic":60,"bodyTemparature":100.0,"respirationRate":90,"bloodGroup":"B+ve","nurseEmail":"nurse1@gmail.com","physicianEmail":"physician1@gmail.com","appointmentId":1,"keyNotes":"high fever","allergyId":1}
2023-04-27T10:42:44.807+05:30  INFO 20632 --- [SpringApplicationShutdownHook] j.LocalContainerEntityManagerFactoryBean : Closing JPA EntityManagerFactory for persistence unit 'default'
2023-04-27T10:42:45.037+05:30  INFO 20632 --- [SpringApplicationShutdownHook] com.zaxxer.hikari.HikariDataSource       : HikariPool-1 - Shutdown initiated...
2023-04-27T10:42:45.051+05:30  INFO 20632 --- [SpringApplicationShutdownHook] com.zaxxer.hikari.HikariDataSource       : HikariPool-1 - Shutdown completed.
2023-04-27T10:42:45.056+05:30  INFO 20632 --- [SpringApplicationShutdownHook] j.LocalContainerEntityManagerFactoryBean : Closing JPA EntityManagerFactory for persistence unit 'default'
2023-04-27T10:42:45.057+05:30  INFO 20632 --- [SpringApplicationShutdownHook] com.zaxxer.hikari.HikariDataSource       : HikariPool-2 - Shutdown initiated...
2023-04-27T10:42:45.064+05:30  INFO 20632 --- [SpringApplicationShutdownHook] com.zaxxer.hikari.HikariDataSource       : HikariPool-2 - Shutdown completed.
2023-04-27T10:42:45.065+05:30  INFO 20632 --- [SpringApplicationShutdownHook] j.LocalContainerEntityManagerFactoryBean : Closing JPA EntityManagerFactory for persistence unit 'default'
2023-04-27T10:42:45.065+05:30  INFO 20632 --- [SpringApplicationShutdownHook] com.zaxxer.hikari.HikariDataSource       : HikariPool-3 - Shutdown initiated...
2023-04-27T10:42:45.071+05:30  INFO 20632 --- [SpringApplicationShutdownHook] com.zaxxer.hikari.HikariDataSource       : HikariPool-3 - Shutdown completed.
2023-04-27T10:43:17.533+05:30  INFO 15040 --- [restartedMain] c.r.G1HealthRecordsServiceApplication    : Starting G1HealthRecordsServiceApplication using Java 17.0.6 with PID 15040 (C:\Users\asus\Desktop\dpractice\g1-patient-health-record-service\target\classes started by asus in C:\Users\asus\Desktop\dpractice\g1-patient-health-record-service)
2023-04-27T10:43:17.537+05:30  INFO 15040 --- [restartedMain] c.r.G1HealthRecordsServiceApplication    : The following 1 profile is active: "local"
2023-04-27T10:43:17.581+05:30  INFO 15040 --- [restartedMain] .e.DevToolsPropertyDefaultsPostProcessor : For additional web related logging consider setting the 'logging.level.web' property to 'DEBUG'
2023-04-27T10:43:18.449+05:30  INFO 15040 --- [restartedMain] .s.d.r.c.RepositoryConfigurationDelegate : Bootstrapping Spring Data JPA repositories in DEFAULT mode.
2023-04-27T10:43:18.508+05:30  INFO 15040 --- [restartedMain] .s.d.r.c.RepositoryConfigurationDelegate : Finished Spring Data repository scanning in 53 ms. Found 4 JPA repository interfaces.
2023-04-27T10:43:19.211+05:30  INFO 15040 --- [restartedMain] o.s.b.w.embedded.tomcat.TomcatWebServer  : Tomcat initialized with port(s): 9004 (http)
2023-04-27T10:43:19.220+05:30  INFO 15040 --- [restartedMain] o.apache.catalina.core.StandardService   : Starting service [Tomcat]
2023-04-27T10:43:19.221+05:30  INFO 15040 --- [restartedMain] o.apache.catalina.core.StandardEngine    : Starting Servlet engine: [Apache Tomcat/10.1.7]
2023-04-27T10:43:19.308+05:30  INFO 15040 --- [restartedMain] o.a.c.c.C.[Tomcat].[localhost].[/]       : Initializing Spring embedded WebApplicationContext
2023-04-27T10:43:19.308+05:30  INFO 15040 --- [restartedMain] w.s.c.ServletWebServerApplicationContext : Root WebApplicationContext: initialization completed in 1726 ms
2023-04-27T10:43:19.900+05:30  INFO 15040 --- [restartedMain] com.zaxxer.hikari.HikariDataSource       : HikariPool-1 - Starting...
2023-04-27T10:43:20.186+05:30  INFO 15040 --- [restartedMain] com.zaxxer.hikari.pool.HikariPool        : HikariPool-1 - Added connection com.mysql.cj.jdbc.ConnectionImpl@13a50379
2023-04-27T10:43:20.187+05:30  INFO 15040 --- [restartedMain] com.zaxxer.hikari.HikariDataSource       : HikariPool-1 - Start completed.
2023-04-27T10:43:20.240+05:30  INFO 15040 --- [restartedMain] SQL dialect                              : HHH000400: Using dialect: org.hibernate.dialect.MySQLDialect
2023-04-27T10:43:20.982+05:30  INFO 15040 --- [restartedMain] j.LocalContainerEntityManagerFactoryBean : Initialized JPA EntityManagerFactory for persistence unit 'default'
2023-04-27T10:43:21.719+05:30  WARN 15040 --- [restartedMain] JpaBaseConfiguration$JpaWebConfiguration : spring.jpa.open-in-view is enabled by default. Therefore, database queries may be performed during view rendering. Explicitly configure spring.jpa.open-in-view to disable this warning
2023-04-27T10:43:22.610+05:30  INFO 15040 --- [restartedMain] o.s.b.d.a.OptionalLiveReloadServer       : LiveReload server is running on port 35729
2023-04-27T10:43:22.620+05:30  INFO 15040 --- [restartedMain] o.s.b.a.e.web.EndpointLinksResolver      : Exposing 15 endpoint(s) beneath base path '/actuator'
2023-04-27T10:43:22.704+05:30  INFO 15040 --- [restartedMain] o.s.b.w.embedded.tomcat.TomcatWebServer  : Tomcat started on port(s): 9004 (http) with context path ''
2023-04-27T10:43:22.717+05:30  INFO 15040 --- [restartedMain] c.r.G1HealthRecordsServiceApplication    : Started G1HealthRecordsServiceApplication in 5.584 seconds (process running for 6.067)
2023-04-27T10:43:33.759+05:30  INFO 15040 --- [File Watcher] rtingClassPathChangeChangedEventListener : Restarting due to 3 class path changes (3 additions, 0 deletions, 0 modifications)
2023-04-27T10:43:33.778+05:30  INFO 15040 --- [Thread-5] o.apache.catalina.core.StandardService   : Stopping service [Tomcat]
2023-04-27T10:43:33.789+05:30  INFO 15040 --- [Thread-5] j.LocalContainerEntityManagerFactoryBean : Closing JPA EntityManagerFactory for persistence unit 'default'
2023-04-27T10:43:33.795+05:30  INFO 15040 --- [Thread-5] com.zaxxer.hikari.HikariDataSource       : HikariPool-1 - Shutdown initiated...
2023-04-27T10:43:33.808+05:30  INFO 15040 --- [Thread-5] com.zaxxer.hikari.HikariDataSource       : HikariPool-1 - Shutdown completed.
2023-04-27T10:43:33.922+05:30  INFO 15040 --- [restartedMain] c.r.G1HealthRecordsServiceApplication    : Starting G1HealthRecordsServiceApplication using Java 17.0.6 with PID 15040 (C:\Users\asus\Desktop\dpractice\g1-patient-health-record-service\target\classes started by asus in C:\Users\asus\Desktop\dpractice\g1-patient-health-record-service)
2023-04-27T10:43:33.923+05:30  INFO 15040 --- [restartedMain] c.r.G1HealthRecordsServiceApplication    : The following 1 profile is active: "local"
2023-04-27T10:43:34.300+05:30  INFO 15040 --- [restartedMain] .s.d.r.c.RepositoryConfigurationDelegate : Bootstrapping Spring Data JPA repositories in DEFAULT mode.
2023-04-27T10:43:34.326+05:30  INFO 15040 --- [restartedMain] .s.d.r.c.RepositoryConfigurationDelegate : Finished Spring Data repository scanning in 25 ms. Found 4 JPA repository interfaces.
2023-04-27T10:43:34.490+05:30  INFO 15040 --- [restartedMain] o.s.b.w.embedded.tomcat.TomcatWebServer  : Tomcat initialized with port(s): 9004 (http)
2023-04-27T10:43:34.491+05:30  INFO 15040 --- [restartedMain] o.apache.catalina.core.StandardService   : Starting service [Tomcat]
2023-04-27T10:43:34.491+05:30  INFO 15040 --- [restartedMain] o.apache.catalina.core.StandardEngine    : Starting Servlet engine: [Apache Tomcat/10.1.7]
2023-04-27T10:43:34.524+05:30  INFO 15040 --- [restartedMain] o.a.c.c.C.[Tomcat].[localhost].[/]       : Initializing Spring embedded WebApplicationContext
2023-04-27T10:43:34.524+05:30  INFO 15040 --- [restartedMain] w.s.c.ServletWebServerApplicationContext : Root WebApplicationContext: initialization completed in 598 ms
2023-04-27T10:43:34.697+05:30  INFO 15040 --- [restartedMain] com.zaxxer.hikari.HikariDataSource       : HikariPool-2 - Starting...
2023-04-27T10:43:34.714+05:30  INFO 15040 --- [restartedMain] com.zaxxer.hikari.pool.HikariPool        : HikariPool-2 - Added connection com.mysql.cj.jdbc.ConnectionImpl@211a1e6e
2023-04-27T10:43:34.715+05:30  INFO 15040 --- [restartedMain] com.zaxxer.hikari.HikariDataSource       : HikariPool-2 - Start completed.
2023-04-27T10:43:34.717+05:30  INFO 15040 --- [restartedMain] SQL dialect                              : HHH000400: Using dialect: org.hibernate.dialect.MySQLDialect
2023-04-27T10:43:34.825+05:30  INFO 15040 --- [restartedMain] j.LocalContainerEntityManagerFactoryBean : Initialized JPA EntityManagerFactory for persistence unit 'default'
2023-04-27T10:43:35.250+05:30  WARN 15040 --- [restartedMain] JpaBaseConfiguration$JpaWebConfiguration : spring.jpa.open-in-view is enabled by default. Therefore, database queries may be performed during view rendering. Explicitly configure spring.jpa.open-in-view to disable this warning
